
> web@0.1.0 build /Users/sergei.davidov@clearroute.io/Documents/holiday-program-aggregator/apps/web
> next build

- info Loaded env from /Users/sergei.davidov@clearroute.io/Documents/holiday-program-aggregator/apps/web/.env
- info Linting and checking validity of types...
- info Creating an optimized production build...

warn - The `content` option in your Tailwind CSS configuration is missing or empty.
warn - Configure your content sources or your generated CSS will be missing styles.
warn - https://tailwindcss.com/docs/content-configuration
- info Compiled successfully
- info Collecting page data...
- info Generating static pages (0/6)
- info Generating static pages (1/6)
- info Generating static pages (2/6)
- info Generating static pages (4/6)
- info Generating static pages (6/6)
- info Finalizing page optimization...

Route (pages)                              Size     First Load JS
┌ ○ /                                      849 B           113 kB
├   /_app                                  0 B             113 kB
├ ○ /404                                   181 B           113 kB
├ λ /api/auth/[...nextauth]                0 B             113 kB
└ λ /api/trpc/[trpc]                       0 B             113 kB
+ First Load JS shared by all              114 kB
  ├ chunks/framework-9834ccc70d32f187.js   45.2 kB
  ├ chunks/main-7adb89fa125ca181.js        30.1 kB
  ├ chunks/pages/_app-2e54f7b4d9ada6e0.js  36.5 kB
  ├ chunks/webpack-ee7e63bc15b31913.js     815 B
  └ css/b7ac5921b4818781.css               1.38 kB

λ  (Server)  server-side renders at runtime (uses getInitialProps or getServerSideProps)
○  (Static)  automatically rendered as static HTML (uses no initial props)

